<?xml version="1.0" encoding="UTF-8"?>
<testsuite name="com.example.smelltracker.SmellTrackerApplicationTests" tests="1" skipped="0" failures="0" errors="0" timestamp="2025-02-06T05:56:37" hostname="jisoolee-MacBookAir.local" time="0.336">
  <properties/>
  <testcase name="contextLoads()" classname="com.example.smelltracker.SmellTrackerApplicationTests" time="0.336"/>
  <system-out><![CDATA[14:56:35.667 [Test worker] INFO org.springframework.test.context.support.AnnotationConfigContextLoaderUtils -- Could not detect default configuration classes for test class [com.example.smelltracker.SmellTrackerApplicationTests]: SmellTrackerApplicationTests does not declare any static, non-private, non-final, nested classes annotated with @Configuration.
14:56:35.733 [Test worker] INFO org.springframework.boot.test.context.SpringBootTestContextBootstrapper -- Found @SpringBootConfiguration com.example.smelltracker.SmellTrackerApplication for test class com.example.smelltracker.SmellTrackerApplicationTests

  .   ____          _            __ _ _
 /\\ / ___'_ __ _ _(_)_ __  __ _ \ \ \ \
( ( )\___ | '_ | '_| | '_ \/ _` | \ \ \ \
 \\/  ___)| |_)| | | | | || (_| |  ) ) ) )
  '  |____| .__|_| |_|_| |_\__, | / / / /
 =========|_|==============|___/=/_/_/_/

 :: Spring Boot ::                (v3.4.2)

2025-02-06T14:56:35.905+09:00  INFO 61680 --- [smell-tracker] [    Test worker] c.e.s.SmellTrackerApplicationTests       : Starting SmellTrackerApplicationTests using Java 21.0.3 with PID 61680 (started by jisoolee in /Users/jisoolee/CODE_SPACE/smell-tracker)
2025-02-06T14:56:35.906+09:00  INFO 61680 --- [smell-tracker] [    Test worker] c.e.s.SmellTrackerApplicationTests       : No active profile set, falling back to 1 default profile: "default"
2025-02-06T14:56:36.157+09:00  INFO 61680 --- [smell-tracker] [    Test worker] .s.d.r.c.RepositoryConfigurationDelegate : Bootstrapping Spring Data JPA repositories in DEFAULT mode.
2025-02-06T14:56:36.178+09:00  INFO 61680 --- [smell-tracker] [    Test worker] .s.d.r.c.RepositoryConfigurationDelegate : Finished Spring Data repository scanning in 17 ms. Found 1 JPA repository interface.
2025-02-06T14:56:36.368+09:00  INFO 61680 --- [smell-tracker] [    Test worker] o.hibernate.jpa.internal.util.LogHelper  : HHH000204: Processing PersistenceUnitInfo [name: default]
2025-02-06T14:56:36.387+09:00  INFO 61680 --- [smell-tracker] [    Test worker] org.hibernate.Version                    : HHH000412: Hibernate ORM core version 6.6.5.Final
2025-02-06T14:56:36.400+09:00  INFO 61680 --- [smell-tracker] [    Test worker] o.h.c.internal.RegionFactoryInitiator    : HHH000026: Second-level cache disabled
2025-02-06T14:56:36.511+09:00  INFO 61680 --- [smell-tracker] [    Test worker] o.s.o.j.p.SpringPersistenceUnitInfo      : No LoadTimeWeaver setup: ignoring JPA class transformer
2025-02-06T14:56:36.522+09:00  INFO 61680 --- [smell-tracker] [    Test worker] com.zaxxer.hikari.HikariDataSource       : HikariPool-1 - Starting...
2025-02-06T14:56:36.825+09:00  INFO 61680 --- [smell-tracker] [    Test worker] com.zaxxer.hikari.pool.HikariPool        : HikariPool-1 - Added connection com.mysql.cj.jdbc.ConnectionImpl@73d91faf
2025-02-06T14:56:36.826+09:00  INFO 61680 --- [smell-tracker] [    Test worker] com.zaxxer.hikari.HikariDataSource       : HikariPool-1 - Start completed.
2025-02-06T14:56:36.863+09:00  WARN 61680 --- [smell-tracker] [    Test worker] org.hibernate.orm.deprecation            : HHH90000025: MySQLDialect does not need to be specified explicitly using 'hibernate.dialect' (remove the property setting and it will be selected by default)
2025-02-06T14:56:36.870+09:00  INFO 61680 --- [smell-tracker] [    Test worker] org.hibernate.orm.connections.pooling    : HHH10001005: Database info:
	Database JDBC URL [Connecting through datasource 'HikariDataSource (HikariPool-1)']
	Database driver: undefined/unknown
	Database version: 8.0.41
	Autocommit mode: undefined/unknown
	Isolation level: undefined/unknown
	Minimum pool size: undefined/unknown
	Maximum pool size: undefined/unknown
2025-02-06T14:56:37.150+09:00  INFO 61680 --- [smell-tracker] [    Test worker] o.h.e.t.j.p.i.JtaPlatformInitiator       : HHH000489: No JTA platform available (set 'hibernate.transaction.jta.platform' to enable JTA platform integration)
2025-02-06T14:56:37.184+09:00  INFO 61680 --- [smell-tracker] [    Test worker] j.LocalContainerEntityManagerFactoryBean : Initialized JPA EntityManagerFactory for persistence unit 'default'
2025-02-06T14:56:37.340+09:00  WARN 61680 --- [smell-tracker] [    Test worker] JpaBaseConfiguration$JpaWebConfiguration : spring.jpa.open-in-view is enabled by default. Therefore, database queries may be performed during view rendering. Explicitly configure spring.jpa.open-in-view to disable this warning
2025-02-06T14:56:37.349+09:00  INFO 61680 --- [smell-tracker] [    Test worker] o.s.b.a.w.s.WelcomePageHandlerMapping    : Adding welcome page template: index
2025-02-06T14:56:37.505+09:00  INFO 61680 --- [smell-tracker] [    Test worker] c.e.s.SmellTrackerApplicationTests       : Started SmellTrackerApplicationTests in 1.698 seconds (process running for 2.592)
]]></system-out>
  <system-err><![CDATA[Mockito is currently self-attaching to enable the inline-mock-maker. This will no longer work in future releases of the JDK. Please add Mockito as an agent to your build what is described in Mockito's documentation: https://javadoc.io/doc/org.mockito/mockito-core/latest/org/mockito/Mockito.html#0.3
WARNING: A Java agent has been loaded dynamically (/Users/jisoolee/.gradle/caches/modules-2/files-2.1/net.bytebuddy/byte-buddy-agent/1.15.11/a38b16385e867f59a641330f0362ebe742788ed8/byte-buddy-agent-1.15.11.jar)
WARNING: If a serviceability tool is in use, please run with -XX:+EnableDynamicAgentLoading to hide this warning
WARNING: If a serviceability tool is not in use, please run with -Djdk.instrument.traceUsage for more information
WARNING: Dynamic loading of agents will be disallowed by default in a future release
]]></system-err>
</testsuite>
